#
# There is insufficient memory for the Java Runtime Environment to continue.
# Native memory allocation (mmap) failed to map 65536 bytes for Failed to commit metaspace.
# Possible reasons:
#   The system is out of physical RAM or swap space
#   The process is running with CompressedOops enabled, and the Java Heap may be blocking the growth of the native heap
# Possible solutions:
#   Reduce memory load on the system
#   Increase physical memory or swap space
#   Check if swap backing store is full
#   Decrease Java heap size (-Xmx/-Xms)
#   Decrease number of Java threads
#   Decrease Java thread stack sizes (-Xss)
#   Set larger code cache with -XX:ReservedCodeCacheSize=
#   JVM is running with Zero Based Compressed Oops mode in which the Java heap is
#     placed in the first 32GB address space. The Java Heap base address is the
#     maximum limit for the native heap growth. Please use -XX:HeapBaseMinAddress
#     to set the Java Heap base and to place the Java Heap above 32GB virtual address.
# This output file may be truncated or incomplete.
#
#  Out of Memory Error (virtualSpaceNode.cpp:110), pid=31844, tid=34876
#
# JRE version: OpenJDK Runtime Environment JBR-17.0.8.1+7-1000.32-jcef (17.0.8.1+7) (build 17.0.8.1+7-b1000.32)
# Java VM: OpenJDK 64-Bit Server VM JBR-17.0.8.1+7-1000.32-jcef (17.0.8.1+7-b1000.32, mixed mode, tiered, compressed oops, compressed class ptrs, g1 gc, windows-amd64)
# No core dump will be written. Minidumps are not enabled by default on client versions of Windows
#

---------------  S U M M A R Y ------------

Command Line: git4idea.http.GitAskPassApp Username for 'https://gitee.com': 

Host: AMD Ryzen 7 4800H with Radeon Graphics         , 16 cores, 31G,  Windows 10 , 64 bit Build 19041 (10.0.19041.3636)
Time: Thu Feb 22 18:46:41 2024  Windows 10 , 64 bit Build 19041 (10.0.19041.3636) elapsed time: 0.527833 seconds (0d 0h 0m 0s)

---------------  T H R E A D  ---------------

Current thread (0x000001ac7e4ed420):  JavaThread "HttpClient-1-Worker-0" daemon [_thread_in_vm, id=34876, stack(0x000000039d500000,0x000000039d600000)]

Stack: [0x000000039d500000,0x000000039d600000]
Native frames: (J=compiled Java code, j=interpreted, Vv=VM code, C=native code)
V  [jvm.dll+0x6852da]
V  [jvm.dll+0x844c84]
V  [jvm.dll+0x84659e]
V  [jvm.dll+0x846c03]
V  [jvm.dll+0x24b7cf]
V  [jvm.dll+0x84003b]
V  [jvm.dll+0x6296c6]
V  [jvm.dll+0x62972a]
V  [jvm.dll+0x62bf4a]
V  [jvm.dll+0x62a066]
V  [jvm.dll+0x240ad0]
V  [jvm.dll+0x1ef8dd]
V  [jvm.dll+0x1e529c]
V  [jvm.dll+0x54b27d]
V  [jvm.dll+0x1f5ccb]
V  [jvm.dll+0x7be1db]
V  [jvm.dll+0x7bf622]
V  [jvm.dll+0x7bf958]
V  [jvm.dll+0x24345e]
V  [jvm.dll+0x386efe]
C  0x000001ac5b18b704

Java frames: (J=compiled Java code, j=interpreted, Vv=VM code)
j  sun.security.x509.GeneralNames.<init>(Lsun/security/util/DerValue;)V+61 java.base@17.0.8.1
j  sun.security.x509.SubjectAlternativeNameExtension.<init>(Ljava/lang/Boolean;Ljava/lang/Object;)V+69 java.base@17.0.8.1
v  ~StubRoutines::call_stub
j  jdk.internal.reflect.NativeConstructorAccessorImpl.newInstance0(Ljava/lang/reflect/Constructor;[Ljava/lang/Object;)Ljava/lang/Object;+0 java.base@17.0.8.1
j  jdk.internal.reflect.NativeConstructorAccessorImpl.newInstance([Ljava/lang/Object;)Ljava/lang/Object;+118 java.base@17.0.8.1
j  jdk.internal.reflect.DelegatingConstructorAccessorImpl.newInstance([Ljava/lang/Object;)Ljava/lang/Object;+5 java.base@17.0.8.1
j  java.lang.reflect.Constructor.newInstanceWithCaller([Ljava/lang/Object;ZLjava/lang/Class;)Ljava/lang/Object;+65 java.base@17.0.8.1
j  java.lang.reflect.Constructor.newInstance([Ljava/lang/Object;)Ljava/lang/Object;+30 java.base@17.0.8.1
j  sun.security.x509.CertificateExtensions.parseExtension(Lsun/security/x509/Extension;)V+89 java.base@17.0.8.1
j  sun.security.x509.CertificateExtensions.init(Lsun/security/util/DerInputStream;)V+29 java.base@17.0.8.1
j  sun.security.x509.CertificateExtensions.<init>(Lsun/security/util/DerInputStream;)V+25 java.base@17.0.8.1
j  sun.security.x509.X509CertInfo.parse(Lsun/security/util/DerValue;)V+335 java.base@17.0.8.1
j  sun.security.x509.X509CertInfo.<init>(Lsun/security/util/DerValue;)V+67 java.base@17.0.8.1
j  sun.security.x509.X509CertImpl.parse(Lsun/security/util/DerValue;)V+228 java.base@17.0.8.1
j  sun.security.x509.X509CertImpl.<init>([B)V+50 java.base@17.0.8.1
j  sun.security.provider.X509Factory.engineGenerateCertificate(Ljava/io/InputStream;)Ljava/security/cert/Certificate;+54 java.base@17.0.8.1
j  java.security.cert.CertificateFactory.generateCertificate(Ljava/io/InputStream;)Ljava/security/cert/Certificate;+5 java.base@17.0.8.1
j  sun.security.ssl.CertificateMessage$T13CertificateConsumer.checkServerCerts(Lsun/security/ssl/ClientHandshakeContext;Ljava/util/List;)[Ljava/security/cert/X509Certificate;+68 java.base@17.0.8.1
j  sun.security.ssl.CertificateMessage$T13CertificateConsumer.onConsumeCertificate(Lsun/security/ssl/ClientHandshakeContext;Lsun/security/ssl/CertificateMessage$T13CertificateMessage;)V+94 java.base@17.0.8.1
j  sun.security.ssl.CertificateMessage$T13CertificateConsumer.consume(Lsun/security/ssl/ConnectionContext;Ljava/nio/ByteBuffer;)V+78 java.base@17.0.8.1
j  sun.security.ssl.SSLHandshake.consume(Lsun/security/ssl/ConnectionContext;Ljava/nio/ByteBuffer;)V+13 java.base@17.0.8.1
j  sun.security.ssl.HandshakeContext.dispatch(BLjava/nio/ByteBuffer;)V+73 java.base@17.0.8.1
j  sun.security.ssl.SSLEngineImpl$DelegatedTask$DelegatedAction.run()Ljava/lang/Void;+60 java.base@17.0.8.1
j  sun.security.ssl.SSLEngineImpl$DelegatedTask$DelegatedAction.run()Ljava/lang/Object;+1 java.base@17.0.8.1
j  java.security.AccessController.executePrivileged(Ljava/security/PrivilegedExceptionAction;Ljava/security/AccessControlContext;Ljava/lang/Class;)Ljava/lang/Object;+29 java.base@17.0.8.1
j  java.security.AccessController.doPrivileged(Ljava/security/PrivilegedExceptionAction;Ljava/security/AccessControlContext;)Ljava/lang/Object;+13 java.base@17.0.8.1
j  sun.security.ssl.SSLEngineImpl$DelegatedTask.run()V+66 java.base@17.0.8.1
j  jdk.internal.net.http.common.SSLFlowDelegate$$Lambda$147+0x00000008001c21b0.accept(Ljava/lang/Object;)V+4 java.net.http@17.0.8.1
j  java.util.ArrayList.forEach(Ljava/util/function/Consumer;)V+46 java.base@17.0.8.1
j  jdk.internal.net.http.common.SSLFlowDelegate.lambda$executeTasks$3(Ljava/util/List;)V+43 java.net.http@17.0.8.1
j  jdk.internal.net.http.common.SSLFlowDelegate$$Lambda$146+0x00000008001c1f68.run()V+8 java.net.http@17.0.8.1
j  jdk.internal.net.http.HttpClientImpl$DelegatingExecutor.execute(Ljava/lang/Runnable;)V+26 java.net.http@17.0.8.1
j  jdk.internal.net.http.common.SSLFlowDelegate.executeTasks(Ljava/util/List;)V+11 java.net.http@17.0.8.1
j  jdk.internal.net.http.common.SSLFlowDelegate.doHandshake(Ljdk/internal/net/http/common/SSLFlowDelegate$EngineResult;I)Z+154 java.net.http@17.0.8.1
j  jdk.internal.net.http.common.SSLFlowDelegate$Reader.processData()V+572 java.net.http@17.0.8.1
j  jdk.internal.net.http.common.SSLFlowDelegate$Reader$ReaderDownstreamPusher.run()V+4 java.net.http@17.0.8.1
j  jdk.internal.net.http.common.SequentialScheduler$LockingRestartableTask.run()V+34 java.net.http@17.0.8.1
j  jdk.internal.net.http.common.SequentialScheduler$CompleteRestartableTask.run(Ljdk/internal/net/http/common/SequentialScheduler$DeferredCompleter;)V+1 java.net.http@17.0.8.1
j  jdk.internal.net.http.common.SequentialScheduler$TryEndDeferredCompleter.complete()V+162 java.net.http@17.0.8.1
j  jdk.internal.net.http.common.SequentialScheduler$CompleteRestartableTask.run(Ljdk/internal/net/http/common/SequentialScheduler$DeferredCompleter;)V+5 java.net.http@17.0.8.1
j  jdk.internal.net.http.common.SequentialScheduler$SchedulableTask.run()V+14 java.net.http@17.0.8.1
j  java.util.concurrent.ThreadPoolExecutor.runWorker(Ljava/util/concurrent/ThreadPoolExecutor$Worker;)V+92 java.base@17.0.8.1
j  java.util.concurrent.ThreadPoolExecutor$Worker.run()V+5 java.base@17.0.8.1
j  java.lang.Thread.run()V+11 java.base@17.0.8.1
v  ~StubRoutines::call_stub

---------------  P R O C E S S  ---------------

Threads class SMR info:
_java_thread_list=0x000001ac7e5079b0, length=19, elements={
0x000001ac4ee03fd0, 0x000001ac79904140, 0x000001ac79904dc0, 0x000001ac76a4c650,
0x000001ac76a4d010, 0x000001ac76a4e9e0, 0x000001ac7992ac10, 0x000001ac7992bdc0,
0x000001ac7992fd70, 0x000001ac799333a0, 0x000001ac79a36410, 0x000001ac79ad0ea0,
0x000001ac79adfe90, 0x000001ac7e18d230, 0x000001ac7e153260, 0x000001ac7e48e970,
0x000001ac7e4ed420, 0x000001ac7e503fb0, 0x000001ac7e4f09c0
}

Java Threads: ( => current thread )
  0x000001ac4ee03fd0 JavaThread "main" [_thread_blocked, id=38872, stack(0x000000039bd00000,0x000000039be00000)]
  0x000001ac79904140 JavaThread "Reference Handler" daemon [_thread_blocked, id=4480, stack(0x000000039c400000,0x000000039c500000)]
  0x000001ac79904dc0 JavaThread "Finalizer" daemon [_thread_blocked, id=30628, stack(0x000000039c500000,0x000000039c600000)]
  0x000001ac76a4c650 JavaThread "Signal Dispatcher" daemon [_thread_blocked, id=29024, stack(0x000000039c600000,0x000000039c700000)]
  0x000001ac76a4d010 JavaThread "Attach Listener" daemon [_thread_blocked, id=36844, stack(0x000000039c700000,0x000000039c800000)]
  0x000001ac76a4e9e0 JavaThread "Service Thread" daemon [_thread_blocked, id=39672, stack(0x000000039c800000,0x000000039c900000)]
  0x000001ac7992ac10 JavaThread "Monitor Deflation Thread" daemon [_thread_blocked, id=37524, stack(0x000000039c900000,0x000000039ca00000)]
  0x000001ac7992bdc0 JavaThread "C2 CompilerThread0" daemon [_thread_blocked, id=26456, stack(0x000000039ca00000,0x000000039cb00000)]
  0x000001ac7992fd70 JavaThread "C1 CompilerThread0" daemon [_thread_blocked, id=36812, stack(0x000000039cb00000,0x000000039cc00000)]
  0x000001ac799333a0 JavaThread "Sweeper thread" daemon [_thread_blocked, id=29332, stack(0x000000039cc00000,0x000000039cd00000)]
  0x000001ac79a36410 JavaThread "C1 CompilerThread1" daemon [_thread_blocked, id=31276, stack(0x000000039cd00000,0x000000039ce00000)]
  0x000001ac79ad0ea0 JavaThread "Notification Thread" daemon [_thread_blocked, id=3592, stack(0x000000039ce00000,0x000000039cf00000)]
  0x000001ac79adfe90 JavaThread "Common-Cleaner" daemon [_thread_blocked, id=9840, stack(0x000000039d000000,0x000000039d100000)]
  0x000001ac7e18d230 JavaThread "C1 CompilerThread2" daemon [_thread_blocked, id=27880, stack(0x000000039d100000,0x000000039d200000)]
  0x000001ac7e153260 JavaThread "C1 CompilerThread3" daemon [_thread_blocked, id=19496, stack(0x000000039d200000,0x000000039d300000)]
  0x000001ac7e48e970 JavaThread "HttpClient-1-SelectorManager" daemon [_thread_in_native, id=35500, stack(0x000000039d300000,0x000000039d400000)]
=>0x000001ac7e4ed420 JavaThread "HttpClient-1-Worker-0" daemon [_thread_in_vm, id=34876, stack(0x000000039d500000,0x000000039d600000)]
  0x000001ac7e503fb0 JavaThread "HttpClient-1-Worker-1" daemon [_thread_blocked, id=7092, stack(0x000000039d600000,0x000000039d700000)]
  0x000001ac7e4f09c0 JavaThread "C2 CompilerThread1" daemon [_thread_blocked, id=36984, stack(0x000000039d700000,0x000000039d800000)]

Other Threads:
  0x000001ac76a0fa40 VMThread "VM Thread" [stack: 0x000000039c300000,0x000000039c400000] [id=3212]
  0x000001ac7686e4a0 WatcherThread [stack: 0x000000039cf00000,0x000000039d000000] [id=33040]
  0x000001ac4eeb2140 GCTaskThread "GC Thread#0" [stack: 0x000000039be00000,0x000000039bf00000] [id=38544]
  0x000001ac76857e40 ConcurrentGCThread "G1 Main Marker" [stack: 0x000000039bf00000,0x000000039c000000] [id=19232]
  0x000001ac76858750 ConcurrentGCThread "G1 Conc#0" [stack: 0x000000039c000000,0x000000039c100000] [id=10348]
  0x000001ac7693ef60 ConcurrentGCThread "G1 Refine#0" [stack: 0x000000039c100000,0x000000039c200000] [id=8648]
  0x000001ac7693f7a0 ConcurrentGCThread "G1 Service" [stack: 0x000000039c200000,0x000000039c300000] [id=28560]

Threads with active compile tasks:

VM state: not at safepoint (normal execution)

VM Mutex/Monitor currently owned by a thread:  ([mutex/lock_event])
[0x000001ac4ec0c880] Metaspace_lock - owner thread: 0x000001ac7e4ed420

Heap address: 0x0000000609400000, size: 8044 MB, Compressed Oops mode: Zero based, Oop shift amount: 3

CDS archive(s) not mapped
Compressed class space mapped at: 0x0000000800000000-0x0000000840000000, reserved size: 1073741824
Narrow klass base: 0x0000000800000000, Narrow klass shift: 0, Narrow klass range: 0x40000000

GC Precious Log:
 CPUs: 16 total, 16 available
 Memory: 32174M
 Large Page Support: Disabled
 NUMA Support: Disabled
 Compressed Oops: Enabled (Zero based)
 Heap Region Size: 4M
 Heap Min Capacity: 8M
 Heap Initial Capacity: 504M
 Heap Max Capacity: 8044M
 Pre-touch: Disabled
 Parallel Workers: 13
 Concurrent Workers: 3
 Concurrent Refinement Workers: 13
 Periodic GC: Disabled

Heap:
 garbage-first heap   total 516096K, used 12288K [0x0000000609400000, 0x0000000800000000)
  region size 4096K, 4 young (16384K), 0 survivors (0K)
 Metaspace       used 16158K, committed 16320K, reserved 1114112K
  class space    used 1680K, committed 1792K, reserved 1048576K

Heap Regions: E=young(eden), S=young(survivor), O=old, HS=humongous(starts), HC=humongous(continues), CS=collection set, F=free, OA=open archive, CA=closed archive, TAMS=top-at-mark-start (previous, next)
|   0|0x0000000609400000, 0x0000000609400000, 0x0000000609800000|  0%| F|  |TAMS 0x0000000609400000, 0x0000000609400000| Untracked 
|   1|0x0000000609800000, 0x0000000609800000, 0x0000000609c00000|  0%| F|  |TAMS 0x0000000609800000, 0x0000000609800000| Untracked 
|   2|0x0000000609c00000, 0x0000000609c00000, 0x000000060a000000|  0%| F|  |TAMS 0x0000000609c00000, 0x0000000609c00000| Untracked 
|   3|0x000000060a000000, 0x000000060a000000, 0x000000060a400000|  0%| F|  |TAMS 0x000000060a000000, 0x000000060a000000| Untracked 
|   4|0x000000060a400000, 0x000000060a400000, 0x000000060a800000|  0%| F|  |TAMS 0x000000060a400000, 0x000000060a400000| Untracked 
|   5|0x000000060a800000, 0x000000060a800000, 0x000000060ac00000|  0%| F|  |TAMS 0x000000060a800000, 0x000000060a800000| Untracked 
|   6|0x000000060ac00000, 0x000000060ac00000, 0x000000060b000000|  0%| F|  |TAMS 0x000000060ac00000, 0x000000060ac00000| Untracked 
|   7|0x000000060b000000, 0x000000060b000000, 0x000000060b400000|  0%| F|  |TAMS 0x000000060b000000, 0x000000060b000000| Untracked 
|   8|0x000000060b400000, 0x000000060b400000, 0x000000060b800000|  0%| F|  |TAMS 0x000000060b400000, 0x000000060b400000| Untracked 
|   9|0x000000060b800000, 0x000000060b800000, 0x000000060bc00000|  0%| F|  |TAMS 0x000000060b800000, 0x000000060b800000| Untracked 
|  10|0x000000060bc00000, 0x000000060bc00000, 0x000000060c000000|  0%| F|  |TAMS 0x000000060bc00000, 0x000000060bc00000| Untracked 
|  11|0x000000060c000000, 0x000000060c000000, 0x000000060c400000|  0%| F|  |TAMS 0x000000060c000000, 0x000000060c000000| Untracked 
|  12|0x000000060c400000, 0x000000060c400000, 0x000000060c800000|  0%| F|  |TAMS 0x000000060c400000, 0x000000060c400000| Untracked 
|  13|0x000000060c800000, 0x000000060c800000, 0x000000060cc00000|  0%| F|  |TAMS 0x000000060c800000, 0x000000060c800000| Untracked 
|  14|0x000000060cc00000, 0x000000060cc00000, 0x000000060d000000|  0%| F|  |TAMS 0x000000060cc00000, 0x000000060cc00000| Untracked 
|  15|0x000000060d000000, 0x000000060d000000, 0x000000060d400000|  0%| F|  |TAMS 0x000000060d000000, 0x000000060d000000| Untracked 
|  16|0x000000060d400000, 0x000000060d400000, 0x000000060d800000|  0%| F|  |TAMS 0x000000060d400000, 0x000000060d400000| Untracked 
|  17|0x000000060d800000, 0x000000060d800000, 0x000000060dc00000|  0%| F|  |TAMS 0x000000060d800000, 0x000000060d800000| Untracked 
|  18|0x000000060dc00000, 0x000000060dc00000, 0x000000060e000000|  0%| F|  |TAMS 0x000000060dc00000, 0x000000060dc00000| Untracked 
|  19|0x000000060e000000, 0x000000060e000000, 0x000000060e400000|  0%| F|  |TAMS 0x000000060e000000, 0x000000060e000000| Untracked 
|  20|0x000000060e400000, 0x000000060e400000, 0x000000060e800000|  0%| F|  |TAMS 0x000000060e400000, 0x000000060e400000| Untracked 
|  21|0x000000060e800000, 0x000000060e800000, 0x000000060ec00000|  0%| F|  |TAMS 0x000000060e800000, 0x000000060e800000| Untracked 
|  22|0x000000060ec00000, 0x000000060ec00000, 0x000000060f000000|  0%| F|  |TAMS 0x000000060ec00000, 0x000000060ec00000| Untracked 
|  23|0x000000060f000000, 0x000000060f000000, 0x000000060f400000|  0%| F|  |TAMS 0x000000060f000000, 0x000000060f000000| Untracked 
|  24|0x000000060f400000, 0x000000060f400000, 0x000000060f800000|  0%| F|  |TAMS 0x000000060f400000, 0x000000060f400000| Untracked 
|  25|0x000000060f800000, 0x000000060f800000, 0x000000060fc00000|  0%| F|  |TAMS 0x000000060f800000, 0x000000060f800000| Untracked 
|  26|0x000000060fc00000, 0x000000060fc00000, 0x0000000610000000|  0%| F|  |TAMS 0x000000060fc00000, 0x000000060fc00000| Untracked 
|  27|0x0000000610000000, 0x0000000610000000, 0x0000000610400000|  0%| F|  |TAMS 0x0000000610000000, 0x0000000610000000| Untracked 
|  28|0x0000000610400000, 0x0000000610400000, 0x0000000610800000|  0%| F|  |TAMS 0x0000000610400000, 0x0000000610400000| Untracked 
|  29|0x0000000610800000, 0x0000000610800000, 0x0000000610c00000|  0%| F|  |TAMS 0x0000000610800000, 0x0000000610800000| Untracked 
|  30|0x0000000610c00000, 0x0000000610c00000, 0x0000000611000000|  0%| F|  |TAMS 0x0000000610c00000, 0x0000000610c00000| Untracked 
|  31|0x0000000611000000, 0x0000000611000000, 0x0000000611400000|  0%| F|  |TAMS 0x0000000611000000, 0x0000000611000000| Untracked 
|  32|0x0000000611400000, 0x0000000611400000, 0x0000000611800000|  0%| F|  |TAMS 0x0000000611400000, 0x0000000611400000| Untracked 
|  33|0x0000000611800000, 0x0000000611800000, 0x0000000611c00000|  0%| F|  |TAMS 0x0000000611800000, 0x0000000611800000| Untracked 
|  34|0x0000000611c00000, 0x0000000611c00000, 0x0000000612000000|  0%| F|  |TAMS 0x0000000611c00000, 0x0000000611c00000| Untracked 
|  35|0x0000000612000000, 0x0000000612000000, 0x0000000612400000|  0%| F|  |TAMS 0x0000000612000000, 0x0000000612000000| Untracked 
|  36|0x0000000612400000, 0x0000000612400000, 0x0000000612800000|  0%| F|  |TAMS 0x0000000612400000, 0x0000000612400000| Untracked 
|  37|0x0000000612800000, 0x0000000612800000, 0x0000000612c00000|  0%| F|  |TAMS 0x0000000612800000, 0x0000000612800000| Untracked 
|  38|0x0000000612c00000, 0x0000000612c00000, 0x0000000613000000|  0%| F|  |TAMS 0x0000000612c00000, 0x0000000612c00000| Untracked 
|  39|0x0000000613000000, 0x0000000613000000, 0x0000000613400000|  0%| F|  |TAMS 0x0000000613000000, 0x0000000613000000| Untracked 
|  40|0x0000000613400000, 0x0000000613400000, 0x0000000613800000|  0%| F|  |TAMS 0x0000000613400000, 0x0000000613400000| Untracked 
|  41|0x0000000613800000, 0x0000000613800000, 0x0000000613c00000|  0%| F|  |TAMS 0x0000000613800000, 0x0000000613800000| Untracked 
|  42|0x0000000613c00000, 0x0000000613c00000, 0x0000000614000000|  0%| F|  |TAMS 0x0000000613c00000, 0x0000000613c00000| Untracked 
|  43|0x0000000614000000, 0x0000000614000000, 0x0000000614400000|  0%| F|  |TAMS 0x0000000614000000, 0x0000000614000000| Untracked 
|  44|0x0000000614400000, 0x0000000614400000, 0x0000000614800000|  0%| F|  |TAMS 0x0000000614400000, 0x0000000614400000| Untracked 
|  45|0x0000000614800000, 0x0000000614800000, 0x0000000614c00000|  0%| F|  |TAMS 0x0000000614800000, 0x0000000614800000| Untracked 
|  46|0x0000000614c00000, 0x0000000614c00000, 0x0000000615000000|  0%| F|  |TAMS 0x0000000614c00000, 0x0000000614c00000| Untracked 
|  47|0x0000000615000000, 0x0000000615000000, 0x0000000615400000|  0%| F|  |TAMS 0x0000000615000000, 0x0000000615000000| Untracked 
|  48|0x0000000615400000, 0x0000000615400000, 0x0000000615800000|  0%| F|  |TAMS 0x0000000615400000, 0x0000000615400000| Untracked 
|  49|0x0000000615800000, 0x0000000615800000, 0x0000000615c00000|  0%| F|  |TAMS 0x0000000615800000, 0x0000000615800000| Untracked 
|  50|0x0000000615c00000, 0x0000000615c00000, 0x0000000616000000|  0%| F|  |TAMS 0x0000000615c00000, 0x0000000615c00000| Untracked 
|  51|0x0000000616000000, 0x0000000616000000, 0x0000000616400000|  0%| F|  |TAMS 0x0000000616000000, 0x0000000616000000| Untracked 
|  52|0x0000000616400000, 0x0000000616400000, 0x0000000616800000|  0%| F|  |TAMS 0x0000000616400000, 0x0000000616400000| Untracked 
|  53|0x0000000616800000, 0x0000000616800000, 0x0000000616c00000|  0%| F|  |TAMS 0x0000000616800000, 0x0000000616800000| Untracked 
|  54|0x0000000616c00000, 0x0000000616c00000, 0x0000000617000000|  0%| F|  |TAMS 0x0000000616c00000, 0x0000000616c00000| Untracked 
|  55|0x0000000617000000, 0x0000000617000000, 0x0000000617400000|  0%| F|  |TAMS 0x0000000617000000, 0x0000000617000000| Untracked 
|  56|0x0000000617400000, 0x0000000617400000, 0x0000000617800000|  0%| F|  |TAMS 0x0000000617400000, 0x0000000617400000| Untracked 
|  57|0x0000000617800000, 0x0000000617800000, 0x0000000617c00000|  0%| F|  |TAMS 0x0000000617800000, 0x0000000617800000| Untracked 
|  58|0x0000000617c00000, 0x0000000617c00000, 0x0000000618000000|  0%| F|  |TAMS 0x0000000617c00000, 0x0000000617c00000| Untracked 
|  59|0x0000000618000000, 0x0000000618000000, 0x0000000618400000|  0%| F|  |TAMS 0x0000000618000000, 0x0000000618000000| Untracked 
|  60|0x0000000618400000, 0x0000000618400000, 0x0000000618800000|  0%| F|  |TAMS 0x0000000618400000, 0x0000000618400000| Untracked 
|  61|0x0000000618800000, 0x0000000618800000, 0x0000000618c00000|  0%| F|  |TAMS 0x0000000618800000, 0x0000000618800000| Untracked 
|  62|0x0000000618c00000, 0x0000000618c00000, 0x0000000619000000|  0%| F|  |TAMS 0x0000000618c00000, 0x0000000618c00000| Untracked 
|  63|0x0000000619000000, 0x0000000619000000, 0x0000000619400000|  0%| F|  |TAMS 0x0000000619000000, 0x0000000619000000| Untracked 
|  64|0x0000000619400000, 0x0000000619400000, 0x0000000619800000|  0%| F|  |TAMS 0x0000000619400000, 0x0000000619400000| Untracked 
|  65|0x0000000619800000, 0x0000000619800000, 0x0000000619c00000|  0%| F|  |TAMS 0x0000000619800000, 0x0000000619800000| Untracked 
|  66|0x0000000619c00000, 0x0000000619c00000, 0x000000061a000000|  0%| F|  |TAMS 0x0000000619c00000, 0x0000000619c00000| Untracked 
|  67|0x000000061a000000, 0x000000061a000000, 0x000000061a400000|  0%| F|  |TAMS 0x000000061a000000, 0x000000061a000000| Untracked 
|  68|0x000000061a400000, 0x000000061a400000, 0x000000061a800000|  0%| F|  |TAMS 0x000000061a400000, 0x000000061a400000| Untracked 
|  69|0x000000061a800000, 0x000000061a800000, 0x000000061ac00000|  0%| F|  |TAMS 0x000000061a800000, 0x000000061a800000| Untracked 
|  70|0x000000061ac00000, 0x000000061ac00000, 0x000000061b000000|  0%| F|  |TAMS 0x000000061ac00000, 0x000000061ac00000| Untracked 
|  71|0x000000061b000000, 0x000000061b000000, 0x000000061b400000|  0%| F|  |TAMS 0x000000061b000000, 0x000000061b000000| Untracked 
|  72|0x000000061b400000, 0x000000061b400000, 0x000000061b800000|  0%| F|  |TAMS 0x000000061b400000, 0x000000061b400000| Untracked 
|  73|0x000000061b800000, 0x000000061b800000, 0x000000061bc00000|  0%| F|  |TAMS 0x000000061b800000, 0x000000061b800000| Untracked 
|  74|0x000000061bc00000, 0x000000061bc00000, 0x000000061c000000|  0%| F|  |TAMS 0x000000061bc00000, 0x000000061bc00000| Untracked 
|  75|0x000000061c000000, 0x000000061c000000, 0x000000061c400000|  0%| F|  |TAMS 0x000000061c000000, 0x000000061c000000| Untracked 
|  76|0x000000061c400000, 0x000000061c400000, 0x000000061c800000|  0%| F|  |TAMS 0x000000061c400000, 0x000000061c400000| Untracked 
|  77|0x000000061c800000, 0x000000061c800000, 0x000000061cc00000|  0%| F|  |TAMS 0x000000061c800000, 0x000000061c800000| Untracked 
|  78|0x000000061cc00000, 0x000000061cc00000, 0x000000061d000000|  0%| F|  |TAMS 0x000000061cc00000, 0x000000061cc00000| Untracked 
|  79|0x000000061d000000, 0x000000061d000000, 0x000000061d400000|  0%| F|  |TAMS 0x000000061d000000, 0x000000061d000000| Untracked 
|  80|0x000000061d400000, 0x000000061d400000, 0x000000061d800000|  0%| F|  |TAMS 0x000000061d400000, 0x000000061d400000| Untracked 
|  81|0x000000061d800000, 0x000000061d800000, 0x000000061dc00000|  0%| F|  |TAMS 0x000000061d800000, 0x000000061d800000| Untracked 
|  82|0x000000061dc00000, 0x000000061dc00000, 0x000000061e000000|  0%| F|  |TAMS 0x000000061dc00000, 0x000000061dc00000| Untracked 
|  83|0x000000061e000000, 0x000000061e000000, 0x000000061e400000|  0%| F|  |TAMS 0x000000061e000000, 0x000000061e000000| Untracked 
|  84|0x000000061e400000, 0x000000061e400000, 0x000000061e800000|  0%| F|  |TAMS 0x000000061e400000, 0x000000061e400000| Untracked 
|  85|0x000000061e800000, 0x000000061e800000, 0x000000061ec00000|  0%| F|  |TAMS 0x000000061e800000, 0x000000061e800000| Untracked 
|  86|0x000000061ec00000, 0x000000061ec00000, 0x000000061f000000|  0%| F|  |TAMS 0x000000061ec00000, 0x000000061ec00000| Untracked 
|  87|0x000000061f000000, 0x000000061f000000, 0x000000061f400000|  0%| F|  |TAMS 0x000000061f000000, 0x000000061f000000| Untracked 
|  88|0x000000061f400000, 0x000000061f400000, 0x000000061f800000|  0%| F|  |TAMS 0x000000061f400000, 0x000000061f400000| Untracked 
|  89|0x000000061f800000, 0x000000061f800000, 0x000000061fc00000|  0%| F|  |TAMS 0x000000061f800000, 0x000000061f800000| Untracked 
|  90|0x000000061fc00000, 0x000000061fc00000, 0x0000000620000000|  0%| F|  |TAMS 0x000000061fc00000, 0x000000061fc00000| Untracked 
|  91|0x0000000620000000, 0x0000000620000000, 0x0000000620400000|  0%| F|  |TAMS 0x0000000620000000, 0x0000000620000000| Untracked 
|  92|0x0000000620400000, 0x0000000620400000, 0x0000000620800000|  0%| F|  |TAMS 0x0000000620400000, 0x0000000620400000| Untracked 
|  93|0x0000000620800000, 0x0000000620800000, 0x0000000620c00000|  0%| F|  |TAMS 0x0000000620800000, 0x0000000620800000| Untracked 
|  94|0x0000000620c00000, 0x0000000620c00000, 0x0000000621000000|  0%| F|  |TAMS 0x0000000620c00000, 0x0000000620c00000| Untracked 
|  95|0x0000000621000000, 0x0000000621000000, 0x0000000621400000|  0%| F|  |TAMS 0x0000000621000000, 0x0000000621000000| Untracked 
|  96|0x0000000621400000, 0x0000000621400000, 0x0000000621800000|  0%| F|  |TAMS 0x0000000621400000, 0x0000000621400000| Untracked 
|  97|0x0000000621800000, 0x0000000621800000, 0x0000000621c00000|  0%| F|  |TAMS 0x0000000621800000, 0x0000000621800000| Untracked 
|  98|0x0000000621c00000, 0x0000000621c00000, 0x0000000622000000|  0%| F|  |TAMS 0x0000000621c00000, 0x0000000621c00000| Untracked 
|  99|0x0000000622000000, 0x0000000622000000, 0x0000000622400000|  0%| F|  |TAMS 0x0000000622000000, 0x0000000622000000| Untracked 
| 100|0x0000000622400000, 0x0000000622400000, 0x0000000622800000|  0%| F|  |TAMS 0x0000000622400000, 0x0000000622400000| Untracked 
| 101|0x0000000622800000, 0x0000000622800000, 0x0000000622c00000|  0%| F|  |TAMS 0x0000000622800000, 0x0000000622800000| Untracked 
| 102|0x0000000622c00000, 0x0000000622c00000, 0x0000000623000000|  0%| F|  |TAMS 0x0000000622c00000, 0x0000000622c00000| Untracked 
| 103|0x0000000623000000, 0x0000000623000000, 0x0000000623400000|  0%| F|  |TAMS 0x0000000623000000, 0x0000000623000000| Untracked 
| 104|0x0000000623400000, 0x0000000623400000, 0x0000000623800000|  0%| F|  |TAMS 0x0000000623400000, 0x0000000623400000| Untracked 
| 105|0x0000000623800000, 0x0000000623800000, 0x0000000623c00000|  0%| F|  |TAMS 0x0000000623800000, 0x0000000623800000| Untracked 
| 106|0x0000000623c00000, 0x0000000623c00000, 0x0000000624000000|  0%| F|  |TAMS 0x0000000623c00000, 0x0000000623c00000| Untracked 
| 107|0x0000000624000000, 0x0000000624000000, 0x0000000624400000|  0%| F|  |TAMS 0x0000000624000000, 0x0000000624000000| Untracked 
| 108|0x0000000624400000, 0x0000000624400000, 0x0000000624800000|  0%| F|  |TAMS 0x0000000624400000, 0x0000000624400000| Untracked 
| 109|0x0000000624800000, 0x0000000624800000, 0x0000000624c00000|  0%| F|  |TAMS 0x0000000624800000, 0x0000000624800000| Untracked 
| 110|0x0000000624c00000, 0x0000000624c00000, 0x0000000625000000|  0%| F|  |TAMS 0x0000000624c00000, 0x0000000624c00000| Untracked 
| 111|0x0000000625000000, 0x0000000625000000, 0x0000000625400000|  0%| F|  |TAMS 0x0000000625000000, 0x0000000625000000| Untracked 
| 112|0x0000000625400000, 0x0000000625400000, 0x0000000625800000|  0%| F|  |TAMS 0x0000000625400000, 0x0000000625400000| Untracked 
| 113|0x0000000625800000, 0x0000000625800000, 0x0000000625c00000|  0%| F|  |TAMS 0x0000000625800000, 0x0000000625800000| Untracked 
| 114|0x0000000625c00000, 0x0000000625c00000, 0x0000000626000000|  0%| F|  |TAMS 0x0000000625c00000, 0x0000000625c00000| Untracked 
| 115|0x0000000626000000, 0x0000000626000000, 0x0000000626400000|  0%| F|  |TAMS 0x0000000626000000, 0x0000000626000000| Untracked 
| 116|0x0000000626400000, 0x0000000626400000, 0x0000000626800000|  0%| F|  |TAMS 0x0000000626400000, 0x0000000626400000| Untracked 
| 117|0x0000000626800000, 0x0000000626800000, 0x0000000626c00000|  0%| F|  |TAMS 0x0000000626800000, 0x0000000626800000| Untracked 
| 118|0x0000000626c00000, 0x0000000626c00000, 0x0000000627000000|  0%| F|  |TAMS 0x0000000626c00000, 0x0000000626c00000| Untracked 
| 119|0x0000000627000000, 0x0000000627000000, 0x0000000627400000|  0%| F|  |TAMS 0x0000000627000000, 0x0000000627000000| Untracked 
| 120|0x0000000627400000, 0x0000000627400000, 0x0000000627800000|  0%| F|  |TAMS 0x0000000627400000, 0x0000000627400000| Untracked 
| 121|0x0000000627800000, 0x0000000627800000, 0x0000000627c00000|  0%| F|  |TAMS 0x0000000627800000, 0x0000000627800000| Untracked 
| 122|0x0000000627c00000, 0x0000000627f618a0, 0x0000000628000000| 84%| E|  |TAMS 0x0000000627c00000, 0x0000000627c00000| Complete 
| 123|0x0000000628000000, 0x0000000628400000, 0x0000000628400000|100%| E|CS|TAMS 0x0000000628000000, 0x0000000628000000| Complete 
| 124|0x0000000628400000, 0x0000000628800000, 0x0000000628800000|100%| E|CS|TAMS 0x0000000628400000, 0x0000000628400000| Complete 
| 125|0x0000000628800000, 0x0000000628c00000, 0x0000000628c00000|100%| E|CS|TAMS 0x0000000628800000, 0x0000000628800000| Complete 

Card table byte_map: [0x000001ac64ca0000,0x000001ac65c60000] _byte_map_base: 0x000001ac61c56000

Marking Bits (Prev, Next): (CMBitMap*) 0x000001ac4eeb2660, (CMBitMap*) 0x000001ac4eeb26a0
 Prev Bits: [0x000001ac66c20000, 0x000001ac6e9d0000)
 Next Bits: [0x000001ac6e9d0000, 0x000001ac76780000)

Polling page: 0x000001ac4eae0000

Metaspace:

Usage:
  Non-class:     14.14 MB used.
      Class:      1.64 MB used.
       Both:     15.78 MB used.

Virtual space:
  Non-class space:       64.00 MB reserved,      14.19 MB ( 22%) committed,  1 nodes.
      Class space:        1.00 GB reserved,       1.75 MB ( <1%) committed,  1 nodes.
             Both:        1.06 GB reserved,      15.94 MB (  1%) committed. 

Chunk freelists:
   Non-Class:  1.00 MB
       Class:  14.23 MB
        Both:  15.23 MB

MaxMetaspaceSize: unlimited
CompressedClassSpaceSize: 1.00 GB
Initial GC threshold: 21.00 MB
Current GC threshold: 21.00 MB
CDS: off
MetaspaceReclaimPolicy: balanced
 - commit_granule_bytes: 65536.
 - commit_granule_words: 8192.
 - virtual_space_node_default_size: 8388608.
 - enlarge_chunks_in_place: 1.
 - new_chunks_are_fully_committed: 0.
 - uncommit_free_chunks: 1.
 - use_allocation_guard: 0.
 - handle_deallocations: 1.


Internal statistics:

num_allocs_failed_limit: 0.
num_arena_births: 124.
num_arena_deaths: 0.
num_vsnodes_births: 2.
num_vsnodes_deaths: 0.
num_space_committed: 255.
num_space_uncommitted: 0.
num_chunks_returned_to_freelist: 0.
num_chunks_taken_from_freelist: 259.
num_chunk_merges: 0.
num_chunk_splits: 153.
num_chunks_enlarged: 93.
num_inconsistent_stats: 0.

CodeHeap 'non-profiled nmethods': size=119168Kb used=294Kb max_used=294Kb free=118873Kb
 bounds [0x000001ac5b8c0000, 0x000001ac5bb30000, 0x000001ac62d20000]
CodeHeap 'profiled nmethods': size=119104Kb used=1888Kb max_used=1888Kb free=117215Kb
 bounds [0x000001ac53d20000, 0x000001ac53f90000, 0x000001ac5b170000]
CodeHeap 'non-nmethods': size=7488Kb used=2882Kb max_used=2895Kb free=4605Kb
 bounds [0x000001ac5b170000, 0x000001ac5b450000, 0x000001ac5b8c0000]
 total_blobs=1590 nmethods=1102 adapters=398
 compilation: enabled
              stopped_count=0, restarted_count=0
 full_count=0

Compilation events (20 events):
Event: 0.512 Thread 0x000001ac7992bdc0 1093       4       sun.security.util.math.intpoly.IntegerPolynomial$MutableElement::setProduct (6 bytes)
Event: 0.512 Thread 0x000001ac7992fd70 1092       3       sun.security.util.math.intpoly.IntegerPolynomial25519::carryReduce (391 bytes)
Event: 0.512 Thread 0x000001ac7e4f09c0 1094       4       sun.security.util.math.intpoly.IntegerPolynomial$MutableElement::setProduct (31 bytes)
Event: 0.512 Thread 0x000001ac7e18d230 nmethod 1091 0x000001ac53ef4590 code [0x000001ac53ef4720, 0x000001ac53ef48b8]
Event: 0.512 Thread 0x000001ac7992fd70 nmethod 1092 0x000001ac53ef4a10 code [0x000001ac53ef4bc0, 0x000001ac53ef5038]
Event: 0.512 Thread 0x000001ac79a36410 nmethod 1090 0x000001ac53ef5290 code [0x000001ac53ef5520, 0x000001ac53ef63a8]
Event: 0.513 Thread 0x000001ac7992bdc0 nmethod 1093 0x000001ac5b907e90 code [0x000001ac5b908040, 0x000001ac5b9081b8]
Event: 0.513 Thread 0x000001ac7992bdc0 1096       4       sun.security.util.math.intpoly.IntegerPolynomial$MutableElement::setValue (33 bytes)
Event: 0.513 Thread 0x000001ac7e4f09c0 nmethod 1094 0x000001ac5b908390 code [0x000001ac5b908540, 0x000001ac5b9086b8]
Event: 0.513 Thread 0x000001ac7e4f09c0 1095       4       sun.security.util.math.intpoly.IntegerPolynomial$MutableElement::setValue (6 bytes)
Event: 0.514 Thread 0x000001ac7992bdc0 nmethod 1096 0x000001ac5b908810 code [0x000001ac5b9089a0, 0x000001ac5b908af8]
Event: 0.514 Thread 0x000001ac7e4f09c0 nmethod 1095 0x000001ac5b908c10 code [0x000001ac5b908da0, 0x000001ac5b908ef8]
Event: 0.515 Thread 0x000001ac79a36410 1097       3       sun.security.provider.SHA2::implCompress0 (490 bytes)
Event: 0.515 Thread 0x000001ac79a36410 nmethod 1097 0x000001ac53ef6910 code [0x000001ac53ef6b00, 0x000001ac53ef73c8]
Event: 0.516 Thread 0x000001ac7992fd70 1098       3       jdk.internal.reflect.ClassFileAssembler::emitByte (11 bytes)
Event: 0.516 Thread 0x000001ac7e18d230 1099       3       jdk.internal.reflect.ByteVectorImpl::add (38 bytes)
Event: 0.516 Thread 0x000001ac7e18d230 nmethod 1099 0x000001ac53ef7890 code [0x000001ac53ef7a40, 0x000001ac53ef7c28]
Event: 0.516 Thread 0x000001ac7992fd70 nmethod 1098 0x000001ac53ef7d90 code [0x000001ac53ef7f40, 0x000001ac53ef80e8]
Event: 0.518 Thread 0x000001ac7992fd70 1100       1       java.util.concurrent.locks.AbstractOwnableSynchronizer::setExclusiveOwnerThread (6 bytes)
Event: 0.518 Thread 0x000001ac7992fd70 nmethod 1100 0x000001ac5b909090 code [0x000001ac5b909220, 0x000001ac5b909338]

GC Heap History (0 events):
No events

Dll operation events (1 events):
Event: 0.006 Loaded shared library D:\Program Files\JetBrains\IntelliJ IDEA 2023.2.1\jbr\bin\java.dll

Deoptimization events (16 events):
Event: 0.391 Thread 0x000001ac4ee03fd0 Uncommon trap: trap_request=0xffffff45 fr.pc=0x000001ac5b8dfef4 relative=0x00000000000003d4
Event: 0.391 Thread 0x000001ac4ee03fd0 Uncommon trap: reason=unstable_if action=reinterpret pc=0x000001ac5b8dfef4 method=java.lang.StringLatin1.newString([BII)Ljava/lang/String; @ 1 c2
Event: 0.391 Thread 0x000001ac4ee03fd0 DEOPT PACKING pc=0x000001ac5b8dfef4 sp=0x000000039bdfe2b0
Event: 0.391 Thread 0x000001ac4ee03fd0 DEOPT UNPACKING pc=0x000001ac5b1c69a3 sp=0x000000039bdfe278 mode 2
Event: 0.399 Thread 0x000001ac4ee03fd0 DEOPT PACKING pc=0x000001ac53d3ade7 sp=0x000000039bdfd330
Event: 0.399 Thread 0x000001ac4ee03fd0 DEOPT UNPACKING pc=0x000001ac5b1c7143 sp=0x000000039bdfc750 mode 0
Event: 0.413 Thread 0x000001ac4ee03fd0 Uncommon trap: trap_request=0xffffff45 fr.pc=0x000001ac5b8e192c relative=0x000000000000018c
Event: 0.413 Thread 0x000001ac4ee03fd0 Uncommon trap: reason=unstable_if action=reinterpret pc=0x000001ac5b8e192c method=java.lang.invoke.VarHandle.checkExactAccessMode(Ljava/lang/invoke/VarHandle$AccessDescriptor;)V @ 4 c2
Event: 0.413 Thread 0x000001ac4ee03fd0 DEOPT PACKING pc=0x000001ac5b8e192c sp=0x000000039bdfea90
Event: 0.413 Thread 0x000001ac4ee03fd0 DEOPT UNPACKING pc=0x000001ac5b1c69a3 sp=0x000000039bdfea70 mode 2
Event: 0.424 Thread 0x000001ac4ee03fd0 DEOPT PACKING pc=0x000001ac53d39dd1 sp=0x000000039bdfcc30
Event: 0.424 Thread 0x000001ac4ee03fd0 DEOPT UNPACKING pc=0x000001ac5b1c7143 sp=0x000000039bdfc0a8 mode 0
Event: 0.447 Thread 0x000001ac7e48e970 Uncommon trap: trap_request=0xffffff45 fr.pc=0x000001ac5b8e295c relative=0x000000000000029c
Event: 0.447 Thread 0x000001ac7e48e970 Uncommon trap: reason=unstable_if action=reinterpret pc=0x000001ac5b8e295c method=java.lang.invoke.VarHandle.checkExactAccessMode(Ljava/lang/invoke/VarHandle$AccessDescriptor;)V @ 4 c2
Event: 0.447 Thread 0x000001ac7e48e970 DEOPT PACKING pc=0x000001ac5b8e295c sp=0x000000039d3fedb0
Event: 0.447 Thread 0x000001ac7e48e970 DEOPT UNPACKING pc=0x000001ac5b1c69a3 sp=0x000000039d3fed20 mode 2

Classes unloaded (0 events):
No events

Classes redefined (0 events):
No events

Internal exceptions (20 events):
Event: 0.207 Thread 0x000001ac4ee03fd0 Exception <a 'java/lang/NoSuchMethodError'{0x000000062846eed0}: 'int java.lang.invoke.DirectMethodHandle$Holder.invokeStaticInit(java.lang.Object, java.lang.Object)'> (0x000000062846eed0) 
thrown [s\src\hotspot\share\interpreter\linkResolver.cpp, line 771]
Event: 0.239 Thread 0x000001ac4ee03fd0 Exception <a 'java/lang/NoSuchMethodError'{0x0000000628556b90}: 'java.lang.Object java.lang.invoke.DirectMethodHandle$Holder.invokeStaticInit(java.lang.Object, int, int, int, int)'> (0x0000000628556b90) 
thrown [s\src\hotspot\share\interpreter\linkResolver.cpp, line 771]
Event: 0.305 Thread 0x000001ac4ee03fd0 Exception <a 'java/lang/NoSuchMethodError'{0x0000000628695808}: 'java.lang.Object java.lang.invoke.DirectMethodHandle$Holder.invokeStaticInit(java.lang.Object, java.lang.Object, int, int, int, int)'> (0x0000000628695808) 
thrown [s\src\hotspot\share\interpreter\linkResolver.cpp, line 771]
Event: 0.315 Thread 0x000001ac4ee03fd0 Exception <a 'java/lang/NoSuchMethodError'{0x00000006286fe478}: 'java.lang.Object java.lang.invoke.DirectMethodHandle$Holder.invokeStatic(java.lang.Object, java.lang.Object, int)'> (0x00000006286fe478) 
thrown [s\src\hotspot\share\interpreter\linkResolver.cpp, line 771]
Event: 0.315 Thread 0x000001ac4ee03fd0 Exception <a 'java/lang/NoSuchMethodError'{0x0000000628701bf0}: 'java.lang.Object java.lang.invoke.DirectMethodHandle$Holder.invokeStaticInit(java.lang.Object, java.lang.Object, int)'> (0x0000000628701bf0) 
thrown [s\src\hotspot\share\interpreter\linkResolver.cpp, line 771]
Event: 0.316 Thread 0x000001ac4ee03fd0 Exception <a 'java/lang/NoSuchMethodError'{0x0000000628707fa0}: 'java.lang.Object java.lang.invoke.DirectMethodHandle$Holder.newInvokeSpecial(java.lang.Object, java.lang.Object, int)'> (0x0000000628707fa0) 
thrown [s\src\hotspot\share\interpreter\linkResolver.cpp, line 771]
Event: 0.318 Thread 0x000001ac4ee03fd0 Exception <a 'java/lang/NoSuchMethodError'{0x00000006287176e0}: 'int java.lang.invoke.DirectMethodHandle$Holder.invokeStaticInit(java.lang.Object, java.lang.Object, java.lang.Object)'> (0x00000006287176e0) 
thrown [s\src\hotspot\share\interpreter\linkResolver.cpp, line 771]
Event: 0.321 Thread 0x000001ac4ee03fd0 Exception <a 'java/lang/NoSuchMethodError'{0x00000006287278c0}: 'int java.lang.invoke.DirectMethodHandle$Holder.invokeSpecial(java.lang.Object, java.lang.Object, java.lang.Object)'> (0x00000006287278c0) 
thrown [s\src\hotspot\share\interpreter\linkResolver.cpp, line 771]
Event: 0.323 Thread 0x000001ac4ee03fd0 Exception <a 'java/lang/NoSuchMethodError'{0x000000062872fca0}: 'int java.lang.invoke.DirectMethodHandle$Holder.invokeSpecialIFC(java.lang.Object, java.lang.Object, java.lang.Object)'> (0x000000062872fca0) 
thrown [s\src\hotspot\share\interpreter\linkResolver.cpp, line 771]
Event: 0.349 Thread 0x000001ac4ee03fd0 Exception <a 'java/lang/NoSuchMethodError'{0x0000000628037808}: 'java.lang.Object java.lang.invoke.DirectMethodHandle$Holder.invokeStaticInit(java.lang.Object)'> (0x0000000628037808) 
thrown [s\src\hotspot\share\interpreter\linkResolver.cpp, line 771]
Event: 0.400 Thread 0x000001ac4ee03fd0 Exception <a 'java/lang/NoSuchMethodError'{0x00000006281f12a0}: 'java.lang.Object java.lang.invoke.DirectMethodHandle$Holder.newInvokeSpecial(java.lang.Object, java.lang.Object, java.lang.Object, java.lang.Object, java.lang.Object)'> (0x00000006281f12a0) 
thrown [s\src\hotspot\share\interpreter\linkResolver.cpp, line 771]
Event: 0.428 Thread 0x000001ac4ee03fd0 Exception <a 'java/lang/NoSuchMethodError'{0x000000062837ef90}: 'java.lang.Object java.lang.invoke.DirectMethodHandle$Holder.invokeSpecial(java.lang.Object, java.lang.Object, java.lang.Object, java.lang.Object, int)'> (0x000000062837ef90) 
thrown [s\src\hotspot\share\interpreter\linkResolver.cpp, line 771]
Event: 0.428 Thread 0x000001ac4ee03fd0 Exception <a 'java/lang/NoSuchMethodError'{0x0000000628382b58}: 'java.lang.Object java.lang.invoke.Invokers$Holder.linkToTargetMethod(java.lang.Object, java.lang.Object, int, java.lang.Object)'> (0x0000000628382b58) 
thrown [s\src\hotspot\share\interpreter\linkResolver.cpp, line 771]
Event: 0.437 Thread 0x000001ac4ee03fd0 Exception <a 'java/lang/NoSuchMethodError'{0x00000006283e28a8}: 'void java.lang.invoke.DirectMethodHandle$Holder.invokeSpecial(java.lang.Object, java.lang.Object, java.lang.Object)'> (0x00000006283e28a8) 
thrown [s\src\hotspot\share\interpreter\linkResolver.cpp, line 771]
Event: 0.449 Thread 0x000001ac7e48e970 Exception <a 'java/lang/NoSuchMethodError'{0x0000000628193628}: 'void java.lang.invoke.DirectMethodHandle$Holder.invokeStatic(java.lang.Object, java.lang.Object, int)'> (0x0000000628193628) 
thrown [s\src\hotspot\share\interpreter\linkResolver.cpp, line 771]
Event: 0.449 Thread 0x000001ac4ee03fd0 Exception <a 'java/lang/NoSuchMethodError'{0x0000000627c69368}: 'void java.lang.invoke.DirectMethodHandle$Holder.invokeSpecial(java.lang.Object, java.lang.Object, java.lang.Object, java.lang.Object, java.lang.Object)'> (0x0000000627c69368) 
thrown [s\src\hotspot\share\interpreter\linkResolver.cpp, line 771]
Event: 0.455 Thread 0x000001ac7e4ed420 Exception <a 'java/lang/NoSuchMethodError'{0x0000000627d1a6a8}: 'void java.lang.invoke.DirectMethodHandle$Holder.invokeInterface(java.lang.Object, java.lang.Object, java.lang.Object)'> (0x0000000627d1a6a8) 
thrown [s\src\hotspot\share\interpreter\linkResolver.cpp, line 771]
Event: 0.458 Thread 0x000001ac7e4ed420 Exception <a 'java/lang/NoSuchMethodError'{0x0000000627d30b90}: 'int java.lang.invoke.DirectMethodHandle$Holder.invokeStaticInit(java.lang.Object, int, int)'> (0x0000000627d30b90) 
thrown [s\src\hotspot\share\interpreter\linkResolver.cpp, line 771]
Event: 0.461 Thread 0x000001ac7e4ed420 Exception <a 'java/lang/NoSuchMethodError'{0x0000000627d74258}: 'void java.lang.invoke.DirectMethodHandle$Holder.invokeVirtual(java.lang.Object, java.lang.Object)'> (0x0000000627d74258) 
thrown [s\src\hotspot\share\interpreter\linkResolver.cpp, line 771]
Event: 0.506 Thread 0x000001ac7e4ed420 Exception <a 'java/lang/NoSuchMethodError'{0x0000000627ec62a0}: 'void java.lang.invoke.DirectMethodHandle$Holder.invokeInterface(java.lang.Object, java.lang.Object)'> (0x0000000627ec62a0) 
thrown [s\src\hotspot\share\interpreter\linkResolver.cpp, line 771]

VM Operations (8 events):
Event: 0.097 Executing VM operation: HandshakeAllThreads
Event: 0.097 Executing VM operation: HandshakeAllThreads done
Event: 0.110 Executing VM operation: HandshakeAllThreads
Event: 0.110 Executing VM operation: HandshakeAllThreads done
Event: 0.252 Executing VM operation: HandshakeAllThreads
Event: 0.252 Executing VM operation: HandshakeAllThreads done
Event: 0.351 Executing VM operation: HandshakeAllThreads
Event: 0.351 Executing VM operation: HandshakeAllThreads done

Events (20 events):
Event: 0.525 loading class sun/security/util/IOUtils done
Event: 0.525 loading class sun/security/x509/CertificateExtensions
Event: 0.525 loading class sun/security/x509/CertificateExtensions done
Event: 0.526 loading class java/util/Collections$SynchronizedMap
Event: 0.526 loading class java/util/Collections$SynchronizedMap done
Event: 0.526 loading class sun/security/x509/Extension
Event: 0.526 loading class java/security/cert/Extension
Event: 0.526 loading class java/security/cert/Extension done
Event: 0.526 loading class sun/security/x509/Extension done
Event: 0.526 loading class sun/security/x509/OIDMap
Event: 0.526 loading class sun/security/x509/OIDMap done
Event: 0.526 loading class sun/security/x509/PKIXExtensions
Event: 0.526 loading class sun/security/x509/PKIXExtensions done
Event: 0.526 loading class sun/security/x509/OIDMap$OIDInfo
Event: 0.526 loading class sun/security/x509/OIDMap$OIDInfo done
Event: 0.526 loading class sun/security/x509/SubjectAlternativeNameExtension
Event: 0.526 loading class sun/security/x509/SubjectAlternativeNameExtension done
Event: 0.526 loading class sun/security/x509/GeneralNames
Event: 0.526 loading class sun/security/x509/GeneralNames done
Event: 0.526 loading class sun/security/x509/GeneralName


Dynamic libraries:
0x00007ff7ff4d0000 - 0x00007ff7ff4da000 	D:\Program Files\JetBrains\IntelliJ IDEA 2023.2.1\jbr\bin\java.exe
0x00007ffaf23d0000 - 0x00007ffaf25c8000 	C:\Windows\SYSTEM32\ntdll.dll
0x00007ffaf1dc0000 - 0x00007ffaf1e7d000 	C:\Windows\System32\KERNEL32.DLL
0x00007ffaefec0000 - 0x00007ffaf01b6000 	C:\Windows\System32\KERNELBASE.dll
0x00007ffaf0310000 - 0x00007ffaf0410000 	C:\Windows\System32\ucrtbase.dll
0x00007ffad9490000 - 0x00007ffad94ab000 	D:\Program Files\JetBrains\IntelliJ IDEA 2023.2.1\jbr\bin\VCRUNTIME140.dll
0x00007ffad1680000 - 0x00007ffad1697000 	D:\Program Files\JetBrains\IntelliJ IDEA 2023.2.1\jbr\bin\jli.dll
0x00007ffaf11b0000 - 0x00007ffaf134e000 	C:\Windows\System32\USER32.dll
0x00007ffad75d0000 - 0x00007ffad786a000 	C:\Windows\WinSxS\amd64_microsoft.windows.common-controls_6595b64144ccf1df_6.0.19041.3636_none_60b6a03d71f818d5\COMCTL32.dll
0x00007ffaf1080000 - 0x00007ffaf111e000 	C:\Windows\System32\msvcrt.dll
0x00007ffaefd40000 - 0x00007ffaefd62000 	C:\Windows\System32\win32u.dll
0x00007ffaf1400000 - 0x00007ffaf142b000 	C:\Windows\System32\GDI32.dll
0x00007ffaf01c0000 - 0x00007ffaf02d7000 	C:\Windows\System32\gdi32full.dll
0x00007ffaefe20000 - 0x00007ffaefebd000 	C:\Windows\System32\msvcp_win.dll
0x00007ffaf1f50000 - 0x00007ffaf1f82000 	C:\Windows\System32\IMM32.DLL
0x00007ffaeaec0000 - 0x00007ffaeaecc000 	D:\Program Files\JetBrains\IntelliJ IDEA 2023.2.1\jbr\bin\vcruntime140_1.dll
0x00007ffabaee0000 - 0x00007ffabaf6d000 	D:\Program Files\JetBrains\IntelliJ IDEA 2023.2.1\jbr\bin\msvcp140.dll
0x00007ffa7c120000 - 0x00007ffa7cda3000 	D:\Program Files\JetBrains\IntelliJ IDEA 2023.2.1\jbr\bin\server\jvm.dll
0x00007ffaf1710000 - 0x00007ffaf17c3000 	C:\Windows\System32\ADVAPI32.dll
0x00007ffaf22f0000 - 0x00007ffaf238f000 	C:\Windows\System32\sechost.dll
0x00007ffaf0500000 - 0x00007ffaf0626000 	C:\Windows\System32\RPCRT4.dll
0x00007ffaf02e0000 - 0x00007ffaf0307000 	C:\Windows\System32\bcrypt.dll
0x00007ffad17b0000 - 0x00007ffad17b9000 	C:\Windows\SYSTEM32\WSOCK32.dll
0x00007ffaef470000 - 0x00007ffaef4bb000 	C:\Windows\SYSTEM32\POWRPROF.dll
0x00007ffae7460000 - 0x00007ffae746a000 	C:\Windows\SYSTEM32\VERSION.dll
0x00007ffae4880000 - 0x00007ffae48a7000 	C:\Windows\SYSTEM32\WINMM.dll
0x00007ffaf1830000 - 0x00007ffaf189b000 	C:\Windows\System32\WS2_32.dll
0x00007ffaef450000 - 0x00007ffaef462000 	C:\Windows\SYSTEM32\UMPDC.dll
0x00007ffaee2d0000 - 0x00007ffaee2e2000 	C:\Windows\SYSTEM32\kernel.appcore.dll
0x00007ffad16b0000 - 0x00007ffad16ba000 	D:\Program Files\JetBrains\IntelliJ IDEA 2023.2.1\jbr\bin\jimage.dll
0x00007ffaede30000 - 0x00007ffaee014000 	C:\Windows\SYSTEM32\DBGHELP.DLL
0x00007ffade830000 - 0x00007ffade864000 	C:\Windows\SYSTEM32\dbgcore.DLL
0x00007ffaefb50000 - 0x00007ffaefbd2000 	C:\Windows\System32\bcryptPrimitives.dll
0x00007ffad15d0000 - 0x00007ffad15f5000 	D:\Program Files\JetBrains\IntelliJ IDEA 2023.2.1\jbr\bin\java.dll
0x00007ffad15b0000 - 0x00007ffad15c8000 	D:\Program Files\JetBrains\IntelliJ IDEA 2023.2.1\jbr\bin\zip.dll
0x00007ffaf0910000 - 0x00007ffaf1055000 	C:\Windows\System32\SHELL32.dll
0x00007ffaecd20000 - 0x00007ffaed4bc000 	C:\Windows\SYSTEM32\windows.storage.dll
0x00007ffaf1f90000 - 0x00007ffaf22e4000 	C:\Windows\System32\combase.dll
0x00007ffaef4c0000 - 0x00007ffaef4ee000 	C:\Windows\SYSTEM32\Wldp.dll
0x00007ffaf1e80000 - 0x00007ffaf1f4d000 	C:\Windows\System32\OLEAUT32.dll
0x00007ffaf1350000 - 0x00007ffaf13fd000 	C:\Windows\System32\SHCORE.dll
0x00007ffaf17d0000 - 0x00007ffaf1825000 	C:\Windows\System32\shlwapi.dll
0x00007ffaef9c0000 - 0x00007ffaef9e5000 	C:\Windows\SYSTEM32\profapi.dll
0x00007ffad1590000 - 0x00007ffad15a9000 	D:\Program Files\JetBrains\IntelliJ IDEA 2023.2.1\jbr\bin\net.dll
0x00007ffae4c80000 - 0x00007ffae4d8a000 	C:\Windows\SYSTEM32\WINHTTP.dll
0x00007ffaef1b0000 - 0x00007ffaef21a000 	C:\Windows\system32\mswsock.dll
0x00007ffaceb90000 - 0x00007ffaceba6000 	D:\Program Files\JetBrains\IntelliJ IDEA 2023.2.1\jbr\bin\nio.dll
0x00007fface9a0000 - 0x00007fface9ae000 	D:\Program Files\JetBrains\IntelliJ IDEA 2023.2.1\jbr\bin\sunmscapi.dll
0x00007ffaefbe0000 - 0x00007ffaefd3d000 	C:\Windows\System32\CRYPT32.dll
0x00007ffaef530000 - 0x00007ffaef558000 	C:\Windows\SYSTEM32\ncrypt.dll
0x00007ffaef4f0000 - 0x00007ffaef52b000 	C:\Windows\SYSTEM32\NTASN1.dll
0x00007ffaef3a0000 - 0x00007ffaef3b8000 	C:\Windows\SYSTEM32\CRYPTSP.dll
0x00007ffaeea80000 - 0x00007ffaeeab4000 	C:\Windows\system32\rsaenh.dll
0x00007ffaef940000 - 0x00007ffaef96e000 	C:\Windows\SYSTEM32\USERENV.dll
0x00007ffaef3c0000 - 0x00007ffaef3cc000 	C:\Windows\SYSTEM32\CRYPTBASE.dll
0x00007ffaeeea0000 - 0x00007ffaeeedb000 	C:\Windows\SYSTEM32\IPHLPAPI.DLL
0x00007ffaf04f0000 - 0x00007ffaf04f8000 	C:\Windows\System32\NSI.dll
0x00007ffae7390000 - 0x00007ffae73a7000 	C:\Windows\SYSTEM32\dhcpcsvc6.DLL
0x00007ffae7370000 - 0x00007ffae738d000 	C:\Windows\SYSTEM32\dhcpcsvc.DLL
0x00007ffaeeee0000 - 0x00007ffaeefab000 	C:\Windows\SYSTEM32\DNSAPI.dll
0x00007ffaaa9e0000 - 0x00007ffaaa9e7000 	C:\Windows\system32\wshunix.dll

dbghelp: loaded successfully - version: 4.0.5 - missing functions: none
symbol engine: initialized successfully - sym options: 0x614 - pdb path: .;D:\Program Files\JetBrains\IntelliJ IDEA 2023.2.1\jbr\bin;C:\Windows\SYSTEM32;C:\Windows\WinSxS\amd64_microsoft.windows.common-controls_6595b64144ccf1df_6.0.19041.3636_none_60b6a03d71f818d5;D:\Program Files\JetBrains\IntelliJ IDEA 2023.2.1\jbr\bin\server

VM Arguments:
java_command: git4idea.http.GitAskPassApp Username for 'https://gitee.com': 
java_class_path (initial): D:/Program Files/JetBrains/IntelliJ IDEA 2023.2.1/plugins/vcs-git/lib/git4idea-rt.jar;D:/Program Files/JetBrains/IntelliJ IDEA 2023.2.1/lib/externalProcess-rt.jar
Launcher Type: SUN_STANDARD

[Global flags]
     intx CICompilerCount                          = 12                                        {product} {ergonomic}
     uint ConcGCThreads                            = 3                                         {product} {ergonomic}
     uint G1ConcRefinementThreads                  = 13                                        {product} {ergonomic}
   size_t G1HeapRegionSize                         = 4194304                                   {product} {ergonomic}
    uintx GCDrainStackTargetSize                   = 64                                        {product} {ergonomic}
   size_t InitialHeapSize                          = 528482304                                 {product} {ergonomic}
   size_t MarkStackSize                            = 4194304                                   {product} {ergonomic}
   size_t MaxHeapSize                              = 8434745344                                {product} {ergonomic}
   size_t MaxNewSize                               = 5058330624                                {product} {ergonomic}
   size_t MinHeapDeltaBytes                        = 4194304                                   {product} {ergonomic}
   size_t MinHeapSize                              = 8388608                                   {product} {ergonomic}
    uintx NonNMethodCodeHeapSize                   = 7602480                                {pd product} {ergonomic}
    uintx NonProfiledCodeHeapSize                  = 122027880                              {pd product} {ergonomic}
    uintx ProfiledCodeHeapSize                     = 122027880                              {pd product} {ergonomic}
    uintx ReservedCodeCacheSize                    = 251658240                              {pd product} {ergonomic}
     bool SegmentedCodeCache                       = true                                      {product} {ergonomic}
   size_t SoftMaxHeapSize                          = 8434745344                             {manageable} {ergonomic}
     bool UseCompressedClassPointers               = true                           {product lp64_product} {ergonomic}
     bool UseCompressedOops                        = true                           {product lp64_product} {ergonomic}
     bool UseG1GC                                  = true                                      {product} {ergonomic}
     bool UseLargePagesIndividualAllocation        = false                                  {pd product} {ergonomic}

Logging:
Log output configuration:
 #0: stdout all=warning uptime,level,tags
 #1: stderr all=off uptime,level,tags

Environment Variables:
JAVA_HOME=D:\Program Files\Java\jdk-17
CLASSPATH=.;D:\Program Files\Java\jdk-17\lib\dt.jar;D:\Program Files\Java\jdk-17\lib\tools.jar;
PATH=D:\Program Files\Git\mingw64\libexec\git-core;D:\Program Files\Git\mingw64\libexec\git-core;D:\Program Files\Git\mingw64\bin;D:\Program Files\Git\usr\bin;C:\Users\HKX\bin;C:\Python312\Scripts;C:\Python312;C:\Program Files\Common Files\Oracle\Java\javapath;C:\Windows\system32;C:\Windows;C:\Windows\System32\Wbem;C:\Windows\System32\WindowsPowerShell\v1.0;C:\Windows\System32\OpenSSH;D:\Program Files\Java\jdk-17\bin;D:\Program Files\Java\jdk-17\jre\bin;C:\Program Files\Java\jdk1.8.0_333\bin;D:\Program Files\apache-maven-3.6.3\bin;D:\Program Files\apache-maven-3.6.3\bin;D:\Program Files (x86)\NetSarang\Xshell 7;D:\Program Files (x86)\NetSarang\Xftp 7;C:\ProgramData\chocolatey\bin;D:\Program Files\nodejs;D:\Program Files\Git\cmd;C:\Users\HKX\AppData\Local\Microsoft\WindowsApps;D:\Program Files\JetBrains\PyCharm 2023.2.1\bin;D:\Program Files\JetBrains\CLion 2023.2.2\bin;D:\Program Files\Microsoft VS Code\bin;C:\Users\HKX\AppData\Roaming\npm
USERNAME=HKX
DISPLAY=:0.0
LC_ALL=en_US.UTF-8
TERM=xterm-256color
TMPDIR=C:\Users\HKX\AppData\Local\Temp
OS=Windows_NT
PROCESSOR_IDENTIFIER=AMD64 Family 23 Model 96 Stepping 1, AuthenticAMD
TMP=C:\Users\HKX\AppData\Local\Temp
TEMP=C:\Users\HKX\AppData\Local\Temp


JNI global refs:
JNI global refs: 28, weak refs: 0

JNI global refs memory usage: 843, weak refs: 841

OOME stack traces (most recent first):
Classloader memory used:
Loader bootstrap                                                                       : 1834K
Loader jdk.internal.loader.ClassLoaders$PlatformClassLoader                            : 182K
Loader jdk.internal.loader.ClassLoaders$AppClassLoader                                 : 1808B
Loader jdk.internal.reflect.DelegatingClassLoader                                      : 432B


---------------  S Y S T E M  ---------------

OS:
 Windows 10 , 64 bit Build 19041 (10.0.19041.3636)
OS uptime: 3 days 0:44 hours

CPU: total 16 (initial active 16) (16 cores per cpu, 2 threads per core) family 23 model 96 stepping 1 microcode 0x0, cx8, cmov, fxsr, ht, mmx, 3dnowpref, sse, sse2, sse3, ssse3, sse4a, sse4.1, sse4.2, popcnt, lzcnt, tsc, tscinvbit, avx, avx2, aes, clmul, bmi1, bmi2, adx, sha, fma, vzeroupper, clflush, clflushopt
Processor Information for all 16 processors :
  Max Mhz: 2900, Current Mhz: 2900, Mhz Limit: 2900

Memory: 4k page, system-wide physical 32174M (9857M free)
TotalPageFile size 36270M (AvailPageFile size 5M)
current process WorkingSet (physical memory assigned to process): 71M, peak: 71M
current process commit charge ("private bytes"): 624M, peak: 625M

vm_info: OpenJDK 64-Bit Server VM (17.0.8.1+7-b1000.32) for windows-amd64 JRE (17.0.8.1+7-b1000.32), built on 2023-09-15 by "builduser" with MS VC++ 16.10 / 16.11 (VS2019)

END.
