#
# There is insufficient memory for the Java Runtime Environment to continue.
# Native memory allocation (mmap) failed to map 528482304 bytes for G1 virtual space
# Possible reasons:
#   The system is out of physical RAM or swap space
#   The process is running with CompressedOops enabled, and the Java Heap may be blocking the growth of the native heap
# Possible solutions:
#   Reduce memory load on the system
#   Increase physical memory or swap space
#   Check if swap backing store is full
#   Decrease Java heap size (-Xmx/-Xms)
#   Decrease number of Java threads
#   Decrease Java thread stack sizes (-Xss)
#   Set larger code cache with -XX:ReservedCodeCacheSize=
#   JVM is running with Zero Based Compressed Oops mode in which the Java heap is
#     placed in the first 32GB address space. The Java Heap base address is the
#     maximum limit for the native heap growth. Please use -XX:HeapBaseMinAddress
#     to set the Java Heap base and to place the Java Heap above 32GB virtual address.
# This output file may be truncated or incomplete.
#
#  Out of Memory Error (os_windows.cpp:3829), pid=39656, tid=23192
#
# JRE version:  (17.0.8.1+7) (build )
# Java VM: OpenJDK 64-Bit Server VM (17.0.8.1+7-b1000.32, mixed mode, sharing, tiered, compressed oops, compressed class ptrs, g1 gc, windows-amd64)
# No core dump will be written. Minidumps are not enabled by default on client versions of Windows
#

---------------  S U M M A R Y ------------

Command Line: git4idea.http.GitAskPassApp Username for 'https://gitee.com': 

Host: AMD Ryzen 7 4800H with Radeon Graphics         , 16 cores, 31G,  Windows 10 , 64 bit Build 19041 (10.0.19041.3636)
Time: Thu Feb 22 02:09:52 2024  Windows 10 , 64 bit Build 19041 (10.0.19041.3636) elapsed time: 0.009380 seconds (0d 0h 0m 0s)

---------------  T H R E A D  ---------------

Current thread (0x0000025b056b3220):  JavaThread "Unknown thread" [_thread_in_vm, id=23192, stack(0x000000eb08f00000,0x000000eb09000000)]

Stack: [0x000000eb08f00000,0x000000eb09000000]
Native frames: (J=compiled Java code, j=interpreted, Vv=VM code, C=native code)
V  [jvm.dll+0x6852da]
V  [jvm.dll+0x844c84]
V  [jvm.dll+0x84659e]
V  [jvm.dll+0x846c03]
V  [jvm.dll+0x24b7cf]
V  [jvm.dll+0x682049]
V  [jvm.dll+0x67671a]
V  [jvm.dll+0x30be2b]
V  [jvm.dll+0x3132d6]
V  [jvm.dll+0x36302e]
V  [jvm.dll+0x36325f]
V  [jvm.dll+0x2e1f48]
V  [jvm.dll+0x2e2eb4]
V  [jvm.dll+0x815c11]
V  [jvm.dll+0x370df1]
V  [jvm.dll+0x7f4fdc]
V  [jvm.dll+0x3f3f1f]
V  [jvm.dll+0x3f5b31]
C  [jli.dll+0x528f]
C  [ucrtbase.dll+0x21bb2]
C  [KERNEL32.DLL+0x17344]
C  [ntdll.dll+0x526b1]


---------------  P R O C E S S  ---------------

Threads class SMR info:
_java_thread_list=0x00007ffa7cc600d8, length=0, elements={
}

Java Threads: ( => current thread )

Other Threads:
  0x0000025b0575e110 GCTaskThread "GC Thread#0" [stack: 0x000000eb09000000,0x000000eb09100000] [id=9236]
  0x0000025b2b213f60 ConcurrentGCThread "G1 Main Marker" [stack: 0x000000eb09100000,0x000000eb09200000] [id=36116]
  0x0000025b2b214970 ConcurrentGCThread "G1 Conc#0" [stack: 0x000000eb09200000,0x000000eb09300000] [id=39504]

[error occurred during error reporting (printing all threads), id 0xc0000005, EXCEPTION_ACCESS_VIOLATION (0xc0000005) at pc=0x00007ffa7c412ab7]

VM state: not at safepoint (not fully initialized)

VM Mutex/Monitor currently owned by a thread:  ([mutex/lock_event])
[0x0000025b056af530] Heap_lock - owner thread: 0x0000025b056b3220

Heap address: 0x0000000609400000, size: 8044 MB, Compressed Oops mode: Zero based, Oop shift amount: 3

CDS archive(s) mapped at: [0x0000000000000000-0x0000000000000000-0x0000000000000000), size 0, SharedBaseAddress: 0x0000000800000000, ArchiveRelocationMode: 1.
Narrow klass base: 0x0000000000000000, Narrow klass shift: 0, Narrow klass range: 0x0

GC Precious Log:
<Empty>

Heap:
 garbage-first heap   total 0K, used 0K [0x0000000609400000, 0x0000000800000000)
  region size 4096K, 0 young (0K), 0 survivors (0K)
 Metaspace       used 0K, committed 0K, reserved 0K
  class space    used 0K, committed 0K, reserved 0K

Heap Regions: E=young(eden), S=young(survivor), O=old, HS=humongous(starts), HC=humongous(continues), CS=collection set, F=free, OA=open archive, CA=closed archive, TAMS=top-at-mark-start (previous, next)

Card table byte_map: [0x0000025b19660000,0x0000025b1a620000] _byte_map_base: 0x0000025b16616000

Marking Bits (Prev, Next): (CMBitMap*) 0x0000025b0575e730, (CMBitMap*) 0x0000025b0575e770
 Prev Bits: [0x0000025b1b5e0000, 0x0000025b23390000)
 Next Bits: [0x0000025b23390000, 0x0000025b2b140000)

GC Heap History (0 events):
No events

Dll operation events (1 events):
Event: 0.006 Loaded shared library D:\Program Files\JetBrains\IntelliJ IDEA 2023.2.1\jbr\bin\java.dll

Deoptimization events (0 events):
No events

Classes unloaded (0 events):
No events

Classes redefined (0 events):
No events

Internal exceptions (0 events):
No events

VM Operations (0 events):
No events

Events (0 events):
No events


Dynamic libraries:
0x00007ff7ff4d0000 - 0x00007ff7ff4da000 	D:\Program Files\JetBrains\IntelliJ IDEA 2023.2.1\jbr\bin\java.exe
0x00007ffaf23d0000 - 0x00007ffaf25c8000 	C:\Windows\SYSTEM32\ntdll.dll
0x00007ffaf1dc0000 - 0x00007ffaf1e7d000 	C:\Windows\System32\KERNEL32.DLL
0x00007ffaefec0000 - 0x00007ffaf01b6000 	C:\Windows\System32\KERNELBASE.dll
0x00007ffaf0310000 - 0x00007ffaf0410000 	C:\Windows\System32\ucrtbase.dll
0x00007ffac3300000 - 0x00007ffac331b000 	D:\Program Files\JetBrains\IntelliJ IDEA 2023.2.1\jbr\bin\VCRUNTIME140.dll
0x00007ffad1680000 - 0x00007ffad1697000 	D:\Program Files\JetBrains\IntelliJ IDEA 2023.2.1\jbr\bin\jli.dll
0x00007ffaf11b0000 - 0x00007ffaf134e000 	C:\Windows\System32\USER32.dll
0x00007ffaefd40000 - 0x00007ffaefd62000 	C:\Windows\System32\win32u.dll
0x00007ffaf1400000 - 0x00007ffaf142b000 	C:\Windows\System32\GDI32.dll
0x00007ffad75d0000 - 0x00007ffad786a000 	C:\Windows\WinSxS\amd64_microsoft.windows.common-controls_6595b64144ccf1df_6.0.19041.3636_none_60b6a03d71f818d5\COMCTL32.dll
0x00007ffaf01c0000 - 0x00007ffaf02d7000 	C:\Windows\System32\gdi32full.dll
0x00007ffaf1080000 - 0x00007ffaf111e000 	C:\Windows\System32\msvcrt.dll
0x00007ffaefe20000 - 0x00007ffaefebd000 	C:\Windows\System32\msvcp_win.dll
0x00007ffaf1f50000 - 0x00007ffaf1f82000 	C:\Windows\System32\IMM32.DLL
0x00007ffad9f10000 - 0x00007ffad9f1c000 	D:\Program Files\JetBrains\IntelliJ IDEA 2023.2.1\jbr\bin\vcruntime140_1.dll
0x00007ffabe8e0000 - 0x00007ffabe96d000 	D:\Program Files\JetBrains\IntelliJ IDEA 2023.2.1\jbr\bin\msvcp140.dll
0x00007ffa7c120000 - 0x00007ffa7cda3000 	D:\Program Files\JetBrains\IntelliJ IDEA 2023.2.1\jbr\bin\server\jvm.dll
0x00007ffaf1710000 - 0x00007ffaf17c3000 	C:\Windows\System32\ADVAPI32.dll
0x00007ffaf22f0000 - 0x00007ffaf238f000 	C:\Windows\System32\sechost.dll
0x00007ffaf0500000 - 0x00007ffaf0626000 	C:\Windows\System32\RPCRT4.dll
0x00007ffaf02e0000 - 0x00007ffaf0307000 	C:\Windows\System32\bcrypt.dll
0x00007ffad17b0000 - 0x00007ffad17b9000 	C:\Windows\SYSTEM32\WSOCK32.dll
0x00007ffae4880000 - 0x00007ffae48a7000 	C:\Windows\SYSTEM32\WINMM.dll
0x00007ffaef470000 - 0x00007ffaef4bb000 	C:\Windows\SYSTEM32\POWRPROF.dll
0x00007ffae7460000 - 0x00007ffae746a000 	C:\Windows\SYSTEM32\VERSION.dll
0x00007ffaf1830000 - 0x00007ffaf189b000 	C:\Windows\System32\WS2_32.dll
0x00007ffaef450000 - 0x00007ffaef462000 	C:\Windows\SYSTEM32\UMPDC.dll
0x00007ffaee2d0000 - 0x00007ffaee2e2000 	C:\Windows\SYSTEM32\kernel.appcore.dll
0x00007ffad16b0000 - 0x00007ffad16ba000 	D:\Program Files\JetBrains\IntelliJ IDEA 2023.2.1\jbr\bin\jimage.dll
0x00007ffaede30000 - 0x00007ffaee014000 	C:\Windows\SYSTEM32\DBGHELP.DLL
0x00007ffade830000 - 0x00007ffade864000 	C:\Windows\SYSTEM32\dbgcore.DLL
0x00007ffaefb50000 - 0x00007ffaefbd2000 	C:\Windows\System32\bcryptPrimitives.dll
0x00007ffad15d0000 - 0x00007ffad15f5000 	D:\Program Files\JetBrains\IntelliJ IDEA 2023.2.1\jbr\bin\java.dll

dbghelp: loaded successfully - version: 4.0.5 - missing functions: none
symbol engine: initialized successfully - sym options: 0x614 - pdb path: .;D:\Program Files\JetBrains\IntelliJ IDEA 2023.2.1\jbr\bin;C:\Windows\SYSTEM32;C:\Windows\WinSxS\amd64_microsoft.windows.common-controls_6595b64144ccf1df_6.0.19041.3636_none_60b6a03d71f818d5;D:\Program Files\JetBrains\IntelliJ IDEA 2023.2.1\jbr\bin\server

VM Arguments:
java_command: git4idea.http.GitAskPassApp Username for 'https://gitee.com': 
java_class_path (initial): D:/Program Files/JetBrains/IntelliJ IDEA 2023.2.1/plugins/vcs-git/lib/git4idea-rt.jar;D:/Program Files/JetBrains/IntelliJ IDEA 2023.2.1/lib/externalProcess-rt.jar
Launcher Type: SUN_STANDARD

[Global flags]
     intx CICompilerCount                          = 12                                        {product} {ergonomic}
     uint ConcGCThreads                            = 3                                         {product} {ergonomic}
     uint G1ConcRefinementThreads                  = 13                                        {product} {ergonomic}
   size_t G1HeapRegionSize                         = 4194304                                   {product} {ergonomic}
    uintx GCDrainStackTargetSize                   = 64                                        {product} {ergonomic}
   size_t InitialHeapSize                          = 528482304                                 {product} {ergonomic}
   size_t MarkStackSize                            = 4194304                                   {product} {ergonomic}
   size_t MaxHeapSize                              = 8434745344                                {product} {ergonomic}
   size_t MinHeapDeltaBytes                        = 4194304                                   {product} {ergonomic}
   size_t MinHeapSize                              = 8388608                                   {product} {ergonomic}
    uintx NonNMethodCodeHeapSize                   = 7602480                                {pd product} {ergonomic}
    uintx NonProfiledCodeHeapSize                  = 122027880                              {pd product} {ergonomic}
    uintx ProfiledCodeHeapSize                     = 122027880                              {pd product} {ergonomic}
    uintx ReservedCodeCacheSize                    = 251658240                              {pd product} {ergonomic}
     bool SegmentedCodeCache                       = true                                      {product} {ergonomic}
   size_t SoftMaxHeapSize                          = 8434745344                             {manageable} {ergonomic}
     bool UseCompressedClassPointers               = true                           {product lp64_product} {ergonomic}
     bool UseCompressedOops                        = true                           {product lp64_product} {ergonomic}
     bool UseG1GC                                  = true                                      {product} {ergonomic}
     bool UseLargePagesIndividualAllocation        = false                                  {pd product} {ergonomic}

Logging:
Log output configuration:
 #0: stdout all=warning uptime,level,tags
 #1: stderr all=off uptime,level,tags

Environment Variables:
JAVA_HOME=D:\Program Files\Java\jdk-17
CLASSPATH=.;D:\Program Files\Java\jdk-17\lib\dt.jar;D:\Program Files\Java\jdk-17\lib\tools.jar;
PATH=D:\Program Files\Git\mingw64\libexec\git-core;D:\Program Files\Git\mingw64\libexec\git-core;D:\Program Files\Git\mingw64\bin;D:\Program Files\Git\usr\bin;C:\Users\HKX\bin;C:\Python312\Scripts;C:\Python312;C:\Program Files\Common Files\Oracle\Java\javapath;C:\Windows\system32;C:\Windows;C:\Windows\System32\Wbem;C:\Windows\System32\WindowsPowerShell\v1.0;C:\Windows\System32\OpenSSH;D:\Program Files\Java\jdk-17\bin;D:\Program Files\Java\jdk-17\jre\bin;C:\Program Files\Java\jdk1.8.0_333\bin;D:\Program Files\apache-maven-3.6.3\bin;D:\Program Files\apache-maven-3.6.3\bin;D:\Program Files (x86)\NetSarang\Xshell 7;D:\Program Files (x86)\NetSarang\Xftp 7;C:\ProgramData\chocolatey\bin;D:\Program Files\nodejs;D:\Program Files\Git\cmd;C:\Users\HKX\AppData\Local\Microsoft\WindowsApps;D:\Program Files\JetBrains\PyCharm 2023.2.1\bin;D:\Program Files\JetBrains\CLion 2023.2.2\bin;D:\Program Files\Microsoft VS Code\bin;C:\Users\HKX\AppData\Roaming\npm
USERNAME=HKX
DISPLAY=:0.0
LC_ALL=en_US.UTF-8
TERM=xterm-256color
TMPDIR=C:\Users\HKX\AppData\Local\Temp
OS=Windows_NT
PROCESSOR_IDENTIFIER=AMD64 Family 23 Model 96 Stepping 1, AuthenticAMD
TMP=C:\Users\HKX\AppData\Local\Temp
TEMP=C:\Users\HKX\AppData\Local\Temp


JNI global refs:
JNI global refs: 0, weak refs: 0

JNI global refs memory usage: 0, weak refs: 0

OOME stack traces (most recent first):
Classloader memory used:


---------------  S Y S T E M  ---------------

OS:
 Windows 10 , 64 bit Build 19041 (10.0.19041.3636)
OS uptime: 2 days 8:07 hours

CPU: total 16 (initial active 16) (16 cores per cpu, 2 threads per core) family 23 model 96 stepping 1 microcode 0x0, cx8, cmov, fxsr, ht, mmx, 3dnowpref, sse, sse2, sse3, ssse3, sse4a, sse4.1, sse4.2, popcnt, lzcnt, tsc, tscinvbit, avx, avx2, aes, clmul, bmi1, bmi2, adx, sha, fma, vzeroupper, clflush, clflushopt
Processor Information for all 16 processors :
  Max Mhz: 2900, Current Mhz: 2900, Mhz Limit: 2900

Memory: 4k page, system-wide physical 32174M (9589M free)
TotalPageFile size 36270M (AvailPageFile size 471M)
current process WorkingSet (physical memory assigned to process): 11M, peak: 11M
current process commit charge ("private bytes"): 71M, peak: 575M

vm_info: OpenJDK 64-Bit Server VM (17.0.8.1+7-b1000.32) for windows-amd64 JRE (17.0.8.1+7-b1000.32), built on 2023-09-15 by "builduser" with MS VC++ 16.10 / 16.11 (VS2019)

END.
